<?xml version="1.0" encoding="utf-8"?><testsuites name="pytest tests"><testsuite name="pytest" errors="0" failures="1" skipped="0" tests="29" time="116.185" timestamp="2026-07-08T06:48:11.473099+00:00" hostname="agent-env-c919d1c8-770c-4f77-a9c4-f08d7eec8c25"><testcase classname="tests.backend_test.TestHealth" name="test_root" time="0.308" /><testcase classname="tests.backend_test.TestAuth" name="test_login_admin" time="0.285" /><testcase classname="tests.backend_test.TestAuth" name="test_login_invalid" time="0.273" /><testcase classname="tests.backend_test.TestAuth" name="test_register_and_me_with_10_credits" time="0.333" /><testcase classname="tests.backend_test.TestAuth" name="test_me_unauthorized" time="0.047" /><testcase classname="tests.backend_test.TestAuth" name="test_logout" time="0.335" /><testcase classname="tests.backend_test.TestDashboard" name="test_dashboard" time="0.120" /><testcase classname="tests.backend_test.TestBilling" name="test_packs_four_tiers" time="0.049" /><testcase classname="tests.backend_test.TestBilling" name="test_checkout_creator_returns_stripe_url" time="0.705" /><testcase classname="tests.backend_test.TestBilling" name="test_checkout_status" time="0.292"><failure message="AssertionError: {&quot;detail&quot;:&quot;Failed to retrieve session status: Request req_PajppG7HQv1QvP: No such checkout.session: cs_test_a1sfqQ6acF0IGWwKhfsfLIIA6uyVmDhLdANJs9JsOOt1q9qk6JUZ1vLbvR&quot;}&#10;assert 500 == 200&#10; +  where 500 = &lt;Response [500]&gt;.status_code">tests/backend_test.py:161: in test_checkout_status
    assert r.status_code == 200, r.text
E   AssertionError: {"detail":"Failed to retrieve session status: Request req_PajppG7HQv1QvP: No such checkout.session: cs_test_a1sfqQ6acF0IGWwKhfsfLIIA6uyVmDhLdANJs9JsOOt1q9qk6JUZ1vLbvR"}
E   assert 500 == 200
E    +  where 500 = &lt;Response [500]&gt;.status_code</failure></testcase><testcase classname="tests.backend_test.TestBilling" name="test_webhook_accepts_post" time="0.053" /><testcase classname="tests.backend_test.TestBilling" name="test_checkout_unknown_pack_400" time="0.051" /><testcase classname="tests.backend_test.TestLegal" name="test_privacy" time="0.050" /><testcase classname="tests.backend_test.TestLegal" name="test_terms" time="0.062" /><testcase classname="tests.backend_test.TestChat" name="test_chat_greeting" time="2.682" /><testcase classname="tests.backend_test.TestChat" name="test_chat_3d_model_intent" time="0.064" /><testcase classname="tests.backend_test.TestChat" name="test_chat_3d_job_completes" time="13.851" /><testcase classname="tests.backend_test.TestImageGen" name="test_generate_image_fails_gracefully_and_refunds" time="6.373" /><testcase classname="tests.backend_test.TestModelGen" name="test_generate_model_async_job" time="0.053" /><testcase classname="tests.backend_test.TestModelGen" name="test_model_job_completes_via_azure_fallback" time="7.946" /><testcase classname="tests.backend_test.TestModelGen" name="test_update_slicer" time="0.053" /><testcase classname="tests.backend_test.TestModelGen" name="test_gcode_preview" time="0.051" /><testcase classname="tests.backend_test.TestVideoGen" name="test_generate_video_returns_job" time="0.107" /><testcase classname="tests.backend_test.TestVideoGen" name="test_video_job_fails_and_refunds" time="80.913" /><testcase classname="tests.backend_test.TestAssets" name="test_list_assets" time="0.128" /><testcase classname="tests.backend_test.TestAssets" name="test_filter_assets" time="0.221" /><testcase classname="tests.backend_test.TestAssets" name="test_get_asset_detail" time="0.055" /><testcase classname="tests.backend_test.TestAssets" name="test_delete_asset_and_404" time="0.105" /><testcase classname="tests.backend_test.TestDeleteAccount" name="test_delete_account_wipes_everything" time="0.489" /></testsuite></testsuites>