<?xml version="1.0" encoding="utf-8"?><testsuites name="pytest tests"><testsuite name="pytest" errors="0" failures="0" skipped="1" tests="22" time="122.765" timestamp="2026-06-15T22:38:09.063607+00:00" hostname="agent-env-c919d1c8-770c-4f77-a9c4-f08d7eec8c25"><testcase classname="backend.tests.backend_test.TestHealth" name="test_root" time="0.423" /><testcase classname="backend.tests.backend_test.TestAuth" name="test_login_admin" time="0.508" /><testcase classname="backend.tests.backend_test.TestAuth" name="test_login_invalid" time="0.525" /><testcase classname="backend.tests.backend_test.TestAuth" name="test_register_and_me_with_10_credits" time="0.650" /><testcase classname="backend.tests.backend_test.TestAuth" name="test_me_unauthorized" time="0.091" /><testcase classname="backend.tests.backend_test.TestDashboard" name="test_dashboard" time="0.732" /><testcase classname="backend.tests.backend_test.TestBilling" name="test_packs" time="0.068" /><testcase classname="backend.tests.backend_test.TestBilling" name="test_checkout" time="0.299"><skipped type="pytest.skip" message="Stripe checkout returned 500: {&quot;detail&quot;:&quot;Stripe error: Invalid API Key provided: sk_test_****gent&quot;}">/app/backend/tests/backend_test.py:140: Stripe checkout returned 500: {"detail":"Stripe error: Invalid API Key provided: sk_test_****gent"}</skipped></testcase><testcase classname="backend.tests.backend_test.TestChat" name="test_chat_greeting" time="6.561" /><testcase classname="backend.tests.backend_test.TestChat" name="test_chat_3d_model_intent" time="0.048" /><testcase classname="backend.tests.backend_test.TestChat" name="test_chat_3d_job_completes" time="11.443" /><testcase classname="backend.tests.backend_test.TestImageGen" name="test_generate_image_fails_gracefully_and_refunds" time="9.824" /><testcase classname="backend.tests.backend_test.TestModelGen" name="test_generate_model_async_job" time="0.057" /><testcase classname="backend.tests.backend_test.TestModelGen" name="test_model_job_completes_via_azure_fallback" time="7.779" /><testcase classname="backend.tests.backend_test.TestModelGen" name="test_update_slicer" time="0.055" /><testcase classname="backend.tests.backend_test.TestModelGen" name="test_gcode_preview" time="0.052" /><testcase classname="backend.tests.backend_test.TestVideoGen" name="test_generate_video_returns_job" time="0.099" /><testcase classname="backend.tests.backend_test.TestVideoGen" name="test_video_job_fails_and_refunds" time="82.951" /><testcase classname="backend.tests.backend_test.TestAssets" name="test_list_assets" time="0.103" /><testcase classname="backend.tests.backend_test.TestAssets" name="test_filter_assets" time="0.186" /><testcase classname="backend.tests.backend_test.TestAssets" name="test_get_asset_detail" time="0.051" /><testcase classname="backend.tests.backend_test.TestAssets" name="test_delete_asset_and_404" time="0.094" /></testsuite></testsuites>